<?xml version="1.0" encoding="utf-8"?><testsuites name="pytest tests"><testsuite name="pytest" errors="0" failures="0" skipped="0" tests="21" time="3.967" timestamp="2026-05-05T08:22:27.195204+00:00" hostname="agent-env-aeef034c-bdb6-4386-aa36-c47977fd90f9"><testcase classname="backend.tests.backend_test.TestHealth" name="test_root" time="0.113" /><testcase classname="backend.tests.backend_test.TestAuth" name="test_login_success_returns_token_and_cookie" time="0.278" /><testcase classname="backend.tests.backend_test.TestAuth" name="test_login_invalid" time="0.266" /><testcase classname="backend.tests.backend_test.TestAuth" name="test_me_requires_auth" time="0.120" /><testcase classname="backend.tests.backend_test.TestAuth" name="test_me_with_bearer" time="0.387" /><testcase classname="backend.tests.backend_test.TestAuth" name="test_logout_clears_cookie" time="0.375" /><testcase classname="backend.tests.backend_test.TestMenu" name="test_list_menu" time="0.042" /><testcase classname="backend.tests.backend_test.TestMenu" name="test_filter_category" time="0.043" /><testcase classname="backend.tests.backend_test.TestMenu" name="test_filter_popular" time="0.042" /><testcase classname="backend.tests.backend_test.TestMenu" name="test_create_requires_auth" time="0.100" /><testcase classname="backend.tests.backend_test.TestMenu" name="test_menu_crud" time="0.493" /><testcase classname="backend.tests.backend_test.TestReviews" name="test_list_reviews" time="0.045" /><testcase classname="backend.tests.backend_test.TestReviews" name="test_filter_featured" time="0.043" /><testcase classname="backend.tests.backend_test.TestReviews" name="test_public_submit" time="0.470" /><testcase classname="backend.tests.backend_test.TestReviews" name="test_review_admin_update_delete" time="0.398" /><testcase classname="backend.tests.backend_test.TestHomepage" name="test_get_homepage" time="0.044" /><testcase classname="backend.tests.backend_test.TestHomepage" name="test_update_requires_auth" time="0.096" /><testcase classname="backend.tests.backend_test.TestHomepage" name="test_update_homepage" time="0.296" /><testcase classname="backend.tests.backend_test.TestContact" name="test_public_submit" time="0.049" /><testcase classname="backend.tests.backend_test.TestContact" name="test_list_requires_auth" time="0.097" /><testcase classname="backend.tests.backend_test.TestContact" name="test_list_with_auth" time="0.103" /></testsuite></testsuites>