<?xml version="1.0" encoding="utf-8"?><testsuites name="pytest tests"><testsuite name="pytest" errors="0" failures="1" skipped="0" tests="30" time="8.741" timestamp="2026-05-05T08:45:49.674665+00:00" hostname="agent-env-aeef034c-bdb6-4386-aa36-c47977fd90f9"><testcase classname="backend.tests.backend_test.TestHealth" name="test_root" time="0.289" /><testcase classname="backend.tests.backend_test.TestAuth" name="test_login_success_returns_token_and_cookie" time="0.286" /><testcase classname="backend.tests.backend_test.TestAuth" name="test_login_invalid" time="0.288" /><testcase classname="backend.tests.backend_test.TestAuth" name="test_me_requires_auth" time="0.115" /><testcase classname="backend.tests.backend_test.TestAuth" name="test_me_with_bearer" time="0.396" /><testcase classname="backend.tests.backend_test.TestAuth" name="test_logout_clears_cookie" time="0.374" /><testcase classname="backend.tests.backend_test.TestMenu" name="test_list_menu" time="0.057" /><testcase classname="backend.tests.backend_test.TestMenu" name="test_filter_category" time="0.053" /><testcase classname="backend.tests.backend_test.TestMenu" name="test_filter_popular" time="0.054" /><testcase classname="backend.tests.backend_test.TestMenu" name="test_create_requires_auth" time="0.129" /><testcase classname="backend.tests.backend_test.TestMenu" name="test_menu_crud" time="0.883" /><testcase classname="backend.tests.backend_test.TestReviews" name="test_list_reviews" time="0.064"><failure message="assert 0 &gt; 0&#10; +  where 0 = len([])&#10; +    where [] = json()&#10; +      where json = &lt;Response [200]&gt;.json">backend/tests/backend_test.py:134: in test_list_reviews
    assert len(r.json()) &gt; 0
E   assert 0 &gt; 0
E    +  where 0 = len([])
E    +    where [] = json()
E    +      where json = &lt;Response [200]&gt;.json</failure></testcase><testcase classname="backend.tests.backend_test.TestReviews" name="test_filter_featured" time="0.101" /><testcase classname="backend.tests.backend_test.TestReviews" name="test_public_submit" time="0.567" /><testcase classname="backend.tests.backend_test.TestReviews" name="test_review_admin_update_delete" time="0.521" /><testcase classname="backend.tests.backend_test.TestHomepage" name="test_get_homepage" time="0.067" /><testcase classname="backend.tests.backend_test.TestHomepage" name="test_update_requires_auth" time="0.171" /><testcase classname="backend.tests.backend_test.TestHomepage" name="test_update_homepage" time="0.430" /><testcase classname="backend.tests.backend_test.TestContact" name="test_public_submit" time="0.066" /><testcase classname="backend.tests.backend_test.TestContact" name="test_list_requires_auth" time="0.141" /><testcase classname="backend.tests.backend_test.TestContact" name="test_list_with_auth" time="0.191" /><testcase classname="backend.tests.backend_test.TestContact" name="test_contact_read_toggle_and_delete" time="0.767" /><testcase classname="backend.tests.backend_test.TestReviewsApproval" name="test_public_submit_creates_pending" time="0.399" /><testcase classname="backend.tests.backend_test.TestReviewsApproval" name="test_approve_toggle_requires_auth_and_flips" time="0.597" /><testcase classname="backend.tests.backend_test.TestReviewsApproval" name="test_feature_toggle" time="0.490" /><testcase classname="backend.tests.backend_test.TestReviewsApproval" name="test_approve_404" time="0.099" /><testcase classname="backend.tests.backend_test.TestAdminStats" name="test_stats_requires_auth" time="0.087" /><testcase classname="backend.tests.backend_test.TestAdminStats" name="test_stats_shape_and_values" time="0.109" /><testcase classname="backend.tests.backend_test.TestAdminStats" name="test_stats_pending_increments_after_public_submit" time="0.394" /><testcase classname="backend.tests.backend_test.TestAdminStats" name="test_stats_unread_increments_after_contact" time="0.416" /></testsuite></testsuites>